# JRE version: OpenJDK Runtime Environment (8.0_152-b01) (build 1.8.0_152-release-915-b01)
# Java VM: OpenJDK 64-Bit Server VM (25.152-b01 mixed mode windows-amd64 compressed oops)
Heap:
 PSYoungGen      total 203776K, used 63298K [0x00000000e0000000, 0x00000000edf80000, 0x0000000100000000)
  eden space 178688K, 29% used [0x00000000e0000000,0x00000000e3349f18,0x00000000eae80000)
  from space 25088K, 42% used [0x00000000eae80000,0x00000000eb906958,0x00000000ec700000)
  to   space 18944K, 0% used [0x00000000ecd00000,0x00000000ecd00000,0x00000000edf80000)
 ParOldGen       total 94208K, used 41772K [0x00000000a0000000, 0x00000000a5c00000, 0x00000000e0000000)
  object space 94208K, 44% used [0x00000000a0000000,0x00000000a28cb060,0x00000000a5c00000)
 Metaspace       used 60677K, capacity 63650K, committed 63744K, reserved 1103872K
  class space    used 8015K, capacity 8690K, committed 8704K, reserved 1048576K
GC Heap History (10 events):
Event: 23.078 GC heap before
{Heap before GC invocations=14 (full 2):
 PSYoungGen      total 118272K, used 118271K [0x00000000e0000000, 0x00000000ea600000, 0x0000000100000000)
  eden space 104960K, 100% used [0x00000000e0000000,0x00000000e6680000,0x00000000e6680000)
  from space 13312K, 99% used [0x00000000e6680000,0x00000000e737fe98,0x00000000e7380000)
  to   space 15872K, 0% used [0x00000000e9680000,0x00000000e9680000,0x00000000ea600000)
 ParOldGen       total 94208K, used 19485K [0x00000000a0000000, 0x00000000a5c00000, 0x00000000e0000000)
  object space 94208K, 20% used [0x00000000a0000000,0x00000000a13077c8,0x00000000a5c00000)
 Metaspace       used 51053K, capacity 52814K, committed 52992K, reserved 1095680K
  class space    used 6870K, capacity 7313K, committed 7424K, reserved 1048576K
Event: 23.217 GC heap after
Heap after GC invocations=14 (full 2):
 PSYoungGen      total 148992K, used 15843K [0x00000000e0000000, 0x00000000eb700000, 0x0000000100000000)
  eden space 133120K, 0% used [0x00000000e0000000,0x00000000e0000000,0x00000000e8200000)
  from space 15872K, 99% used [0x00000000e9680000,0x00000000ea5f8c98,0x00000000ea600000)
  to   space 20992K, 0% used [0x00000000e8200000,0x00000000e8200000,0x00000000e9680000)
 ParOldGen       total 94208K, used 27552K [0x00000000a0000000, 0x00000000a5c00000, 0x00000000e0000000)
  object space 94208K, 29% used [0x00000000a0000000,0x00000000a1ae83b0,0x00000000a5c00000)
 Metaspace       used 51053K, capacity 52814K, committed 52992K, reserved 1095680K
  class space    used 6870K, capacity 7313K, committed 7424K, reserved 1048576K
}
Event: 76.896 GC heap before
{Heap before GC invocations=15 (full 2):
 PSYoungGen      total 148992K, used 148963K [0x00000000e0000000, 0x00000000eb700000, 0x0000000100000000)
  eden space 133120K, 100% used [0x00000000e0000000,0x00000000e8200000,0x00000000e8200000)
  from space 15872K, 99% used [0x00000000e9680000,0x00000000ea5f8c98,0x00000000ea600000)
  to   space 20992K, 0% used [0x00000000e8200000,0x00000000e8200000,0x00000000e9680000)
 ParOldGen       total 94208K, used 27552K [0x00000000a0000000, 0x00000000a5c00000, 0x00000000e0000000)
  object space 94208K, 29% used [0x00000000a0000000,0x00000000a1ae83b0,0x00000000a5c00000)
 Metaspace       used 55225K, capacity 57712K, committed 57984K, reserved 1099776K
  class space    used 7388K, capacity 7987K, committed 8064K, reserved 1048576K
Event: 77.799 GC heap after
Heap after GC invocations=15 (full 2):
 PSYoungGen      total 154112K, used 20968K [0x00000000e0000000, 0x00000000ee700000, 0x0000000100000000)
  eden space 133120K, 0% used [0x00000000e0000000,0x00000000e0000000,0x00000000e8200000)
  from space 20992K, 99% used [0x00000000e8200000,0x00000000e967a1b8,0x00000000e9680000)
  to   space 26624K, 0% used [0x00000000ecd00000,0x00000000ecd00000,0x00000000ee700000)
 ParOldGen       total 94208K, used 34149K [0x00000000a0000000, 0x00000000a5c00000, 0x00000000e0000000)
  object space 94208K, 36% used [0x00000000a0000000,0x00000000a21595b8,0x00000000a5c00000)
 Metaspace       used 55225K, capacity 57712K, committed 57984K, reserved 1099776K
  class space    used 7388K, capacity 7987K, committed 8064K, reserved 1048576K
}
Event: 97.928 GC heap before
{Heap before GC invocations=16 (full 2):
 PSYoungGen      total 154112K, used 124299K [0x00000000e0000000, 0x00000000ee700000, 0x0000000100000000)
  eden space 133120K, 77% used [0x00000000e0000000,0x00000000e64e8e00,0x00000000e8200000)
  from space 20992K, 99% used [0x00000000e8200000,0x00000000e967a1b8,0x00000000e9680000)
  to   space 26624K, 0% used [0x00000000ecd00000,0x00000000ecd00000,0x00000000ee700000)
 ParOldGen       total 94208K, used 34149K [0x00000000a0000000, 0x00000000a5c00000, 0x00000000e0000000)
  object space 94208K, 36% used [0x00000000a0000000,0x00000000a21595b8,0x00000000a5c00000)
 Metaspace       used 56453K, capacity 59060K, committed 59136K, reserved 1099776K
  class space    used 7518K, capacity 8135K, committed 8192K, reserved 1048576K
Event: 98.005 GC heap after
Heap after GC invocations=16 (full 2):
 PSYoungGen      total 197632K, used 10288K [0x00000000e0000000, 0x00000000edf80000, 0x0000000100000000)
  eden space 178688K, 0% used [0x00000000e0000000,0x00000000e0000000,0x00000000eae80000)
  from space 18944K, 54% used [0x00000000ecd00000,0x00000000ed70c030,0x00000000edf80000)
  to   space 25088K, 0% used [0x00000000eae80000,0x00000000eae80000,0x00000000ec700000)
 ParOldGen       total 94208K, used 44353K [0x00000000a0000000, 0x00000000a5c00000, 0x00000000e0000000)
  object space 94208K, 47% used [0x00000000a0000000,0x00000000a2b50798,0x00000000a5c00000)
 Metaspace       used 56453K, capacity 59060K, committed 59136K, reserved 1099776K
  class space    used 7518K, capacity 8135K, committed 8192K, reserved 1048576K
}
Event: 98.005 GC heap before
{Heap before GC invocations=17 (full 3):
 PSYoungGen      total 197632K, used 10288K [0x00000000e0000000, 0x00000000edf80000, 0x0000000100000000)
  eden space 178688K, 0% used [0x00000000e0000000,0x00000000e0000000,0x00000000eae80000)
  from space 18944K, 54% used [0x00000000ecd00000,0x00000000ed70c030,0x00000000edf80000)
  to   space 25088K, 0% used [0x00000000eae80000,0x00000000eae80000,0x00000000ec700000)
 ParOldGen       total 94208K, used 44353K [0x00000000a0000000, 0x00000000a5c00000, 0x00000000e0000000)
  object space 94208K, 47% used [0x00000000a0000000,0x00000000a2b50798,0x00000000a5c00000)
 Metaspace       used 56453K, capacity 59060K, committed 59136K, reserved 1099776K
  class space    used 7518K, capacity 8135K, committed 8192K, reserved 1048576K
Event: 98.454 GC heap after
Heap after GC invocations=17 (full 3):
 PSYoungGen      total 197632K, used 0K [0x00000000e0000000, 0x00000000edf80000, 0x0000000100000000)
  eden space 178688K, 0% used [0x00000000e0000000,0x00000000e0000000,0x00000000eae80000)
  from space 18944K, 0% used [0x00000000ecd00000,0x00000000ecd00000,0x00000000edf80000)
  to   space 25088K, 0% used [0x00000000eae80000,0x00000000eae80000,0x00000000ec700000)
 ParOldGen       total 94208K, used 41764K [0x00000000a0000000, 0x00000000a5c00000, 0x00000000e0000000)
  object space 94208K, 44% used [0x00000000a0000000,0x00000000a28c9060,0x00000000a5c00000)
 Metaspace       used 56453K, capacity 59060K, committed 59136K, reserved 1099776K
  class space    used 7518K, capacity 8135K, committed 8192K, reserved 1048576K
}
Event: 142.034 GC heap before
{Heap before GC invocations=18 (full 3):
 PSYoungGen      total 197632K, used 178688K [0x00000000e0000000, 0x00000000edf80000, 0x0000000100000000)
  eden space 178688K, 100% used [0x00000000e0000000,0x00000000eae80000,0x00000000eae80000)
  from space 18944K, 0% used [0x00000000ecd00000,0x00000000ecd00000,0x00000000edf80000)
  to   space 25088K, 0% used [0x00000000eae80000,0x00000000eae80000,0x00000000ec700000)
 ParOldGen       total 94208K, used 41764K [0x00000000a0000000, 0x00000000a5c00000, 0x00000000e0000000)
  object space 94208K, 44% used [0x00000000a0000000,0x00000000a28c9060,0x00000000a5c00000)
 Metaspace       used 60382K, capacity 63324K, committed 63488K, reserved 1103872K
  class space    used 7997K, capacity 8689K, committed 8704K, reserved 1048576K
Event: 142.097 GC heap after
Heap after GC invocations=18 (full 3):
 PSYoungGen      total 203776K, used 10778K [0x00000000e0000000, 0x00000000edf80000, 0x0000000100000000)
  eden space 178688K, 0% used [0x00000000e0000000,0x00000000e0000000,0x00000000eae80000)
  from space 25088K, 42% used [0x00000000eae80000,0x00000000eb906958,0x00000000ec700000)
  to   space 18944K, 0% used [0x00000000ecd00000,0x00000000ecd00000,0x00000000edf80000)
 ParOldGen       total 94208K, used 41772K [0x00000000a0000000, 0x00000000a5c00000, 0x00000000e0000000)
  object space 94208K, 44% used [0x00000000a0000000,0x00000000a28cb060,0x00000000a5c00000)
 Metaspace       used 60382K, capacity 63324K, committed 63488K, reserved 1103872K
  class space    used 7997K, capacity 8689K, committed 8704K, reserved 1048576K
}

